<?xml version="1.0" encoding="UTF-8"?>
<!-- Generated by org.testng.reporters.JUnitReportReporter -->
<testsuite hostname="Enamuls-MacBook-Pro.local" failures="0" tests="6" name="api.test.DDTests" time="1.531" errors="0" timestamp="2024-07-10T18:00:34 EDT" skipped="0">
  <testcase classname="api.test.DDTests" name="testPostuser" time="0.342"/>
  <testcase classname="api.test.DDTests" name="testPostuser" time="0.199"/>
  <testcase classname="api.test.DDTests" name="testPostuser" time="0.201"/>
  <testcase classname="api.test.DDTests" name="testDeleteUserByName" time="0.252"/>
  <testcase classname="api.test.DDTests" name="testDeleteUserByName" time="0.207"/>
  <testcase classname="api.test.DDTests" name="testDeleteUserByName" time="0.330"/>
</testsuite> <!-- api.test.DDTests -->
