<?xml version="1.0" encoding="UTF-8"?>
<!-- Generated by org.testng.reporters.JUnitReportReporter -->
<testsuite hostname="Enamuls-MacBook-Pro.local" failures="0" tests="1" name="api.AppTest" time="0.007" errors="0" timestamp="2024-07-10T18:00:34 EDT" skipped="0">
  <testcase classname="api.AppTest" name="shouldAnswerWithTrue" time="0.007"/>
</testsuite> <!-- api.AppTest -->
