<?xml version="1.0" encoding="UTF-8"?>
<!-- Generated by org.testng.reporters.JUnitReportReporter -->
<testsuite hostname="Enamuls-MacBook-Pro.local" failures="0" tests="4" name="api.test.UserTests" time="3.210" errors="0" timestamp="2024-07-10T18:00:34 EDT" skipped="0">
  <testcase classname="api.test.UserTests" name="testPostUser" time="2.136"/>
  <testcase classname="api.test.UserTests" name="testGetUserByName" time="0.371"/>
  <testcase classname="api.test.UserTests" name="testUpdateUserByUserName" time="0.478"/>
  <testcase classname="api.test.UserTests" name="testDeleteUserByUserName" time="0.225"/>
</testsuite> <!-- api.test.UserTests -->
